
Showing logs for build [32mcb-kubecd-environment-pr-211-1-9mnbc-1[0m stage [32mfrom-build-pack[0m and container [32mstep-credential-initializer-bmc58[0m
{"level":"info","ts":1588128435.6714559,"logger":"fallback-logger","caller":"logging/config.go:69","msg":"Fetch GitHub commit ID from kodata failed: open /var/run/ko/refs/heads/0.8.0-ns-support: no such file or directory"}
{"level":"info","ts":1588128435.6721394,"logger":"fallback-logger","caller":"creds-init/main.go:40","msg":"Credentials initialized."}

Showing logs for build [32mcb-kubecd-environment-pr-211-1-9mnbc-1[0m stage [32mfrom-build-pack[0m and container [32mstep-working-dir-initializer-qsbnm[0m
{"level":"info","ts":1588128436.981484,"logger":"fallback-logger","caller":"logging/config.go:69","msg":"Fetch GitHub commit ID from kodata failed: open /var/run/ko/HEAD: no such file or directory"}
{"level":"info","ts":1588128436.9882905,"logger":"fallback-logger","caller":"bash/main.go:64","msg":"Successfully executed command \"sh -c mkdir -p /workspace/source\"; output "}

Showing logs for build [32mcb-kubecd-environment-pr-211-1-9mnbc-1[0m stage [32mfrom-build-pack[0m and container [32mstep-place-tools[0m

Showing logs for build [32mcb-kubecd-environment-pr-211-1-9mnbc-1[0m stage [32mfrom-build-pack[0m and container [32mstep-git-source-cb-kubecd-environment-pr-211-1-9mnbc-np4nb[0m
{"level":"info","ts":1588128462.4284534,"logger":"fallback-logger","caller":"logging/config.go:69","msg":"Fetch GitHub commit ID from kodata failed: open /var/run/ko/refs/heads/0.8.0-ns-support: no such file or directory"}
{"level":"info","ts":1588128463.5917077,"logger":"fallback-logger","caller":"git/git.go:103","msg":"Successfully cloned https://github.com/cb-kubecd/environment-pr-211-1-boot-gke-staging.git @ master in path /workspace/source"}

Showing logs for build [32mcb-kubecd-environment-pr-211-1-9mnbc-1[0m stage [32mfrom-build-pack[0m and container [32mstep-git-merge[0m
Using SHAs from PULL_REFS=master:21448ec06c1c7ef2ac324456262925c48411e6a0,2:07eafc18074d221079b1048c592abfffcfba3065
DEBUG: LC_ALL=C JX_LOG_LEVEL=error git fetch origin --unshallow 07eafc18074d221079b1048c592abfffcfba3065: 21448ec06c1c7ef2ac324456262925c48411e6a0:
DEBUG: ran git fetch --unshallow origin 07eafc18074d221079b1048c592abfffcfba3065: 21448ec06c1c7ef2ac324456262925c48411e6a0: in 
DEBUG: JX_LOG_LEVEL=error LC_ALL=C git branch
DEBUG: LC_ALL=C JX_LOG_LEVEL=error git checkout master
DEBUG: ran git checkout master in 
DEBUG: LC_ALL=C JX_LOG_LEVEL=error git reset --hard 21448ec06c1c7ef2ac324456262925c48411e6a0
DEBUG: ran git reset --hard 21448ec06c1c7ef2ac324456262925c48411e6a0 in 
DEBUG: LC_ALL=C JX_LOG_LEVEL=error git clean -fd .
DEBUG: ran clean --force -d . in 
DEBUG: JX_LOG_LEVEL=error LC_ALL=C git merge 07eafc18074d221079b1048c592abfffcfba3065
DEBUG: ran git merge 07eafc18074d221079b1048c592abfffcfba3065 in 
DEBUG: LC_ALL=C JX_LOG_LEVEL=error git log --format=%H%x1f%an%x1f%ae%x1f%cn%x1f%ce%x1f%s%n%b%x1e 21448ec06c1c7ef2ac324456262925c48411e6a0..HEAD
Merged SHA 07eafc18074d221079b1048c592abfffcfba3065 with commit message 'chore: Promote bdd-nh-1588128153 to version 0.0.1' into base branch master

Showing logs for build [32mcb-kubecd-environment-pr-211-1-9mnbc-1[0m stage [32mfrom-build-pack[0m and container [32mstep-build-helm-build[0m
WARNING: No $CHART_REPOSITORY defined so using the default value of: http://jenkins-x-chartmuseum:8080
Adding missing Helm repo: storage.googleapis.com https://storage.googleapis.com/chartmuseum.jenkins-x.io
WARNING: No secrets found on "helm/repos" due: reading the secret "helm/repos" from vault: no secret "helm/repos" not found in vault
Read credentials for https://storage.googleapis.com/chartmuseum.jenkins-x.io from vault helm/repos
Successfully added Helm repository storage.googleapis.com.
Adding missing Helm repo: jenkins-x-chartmuseum http://jenkins-x-chartmuseum:8080
WARNING: No secrets found on "helm/repos" due: reading the secret "helm/repos" from vault: no secret "helm/repos" not found in vault
Read credentials for http://jenkins-x-chartmuseum:8080 from vault helm/repos
Successfully added Helm repository jenkins-x-chartmuseum.
WARNING: No $CHART_REPOSITORY defined so using the default value of: http://jenkins-x-chartmuseum:8080
Adding missing Helm repo: chartmuseum.jenkins-x.io http://chartmuseum.jenkins-x.io
WARNING: No secrets found on "helm/repos" due: reading the secret "helm/repos" from vault: no secret "helm/repos" not found in vault
Read credentials for http://chartmuseum.jenkins-x.io from vault helm/repos
Successfully added Helm repository chartmuseum.jenkins-x.io.
