
Showing logs for build [32mcb-kubecd-environment-pr-211-1-t8kpw-1[0m stage [32mfrom-build-pack[0m and container [32mstep-credential-initializer-2nx7n[0m
{"level":"info","ts":1588129049.4777436,"logger":"fallback-logger","caller":"logging/config.go:69","msg":"Fetch GitHub commit ID from kodata failed: open /var/run/ko/refs/heads/0.8.0-ns-support: no such file or directory"}
{"level":"info","ts":1588129049.4784226,"logger":"fallback-logger","caller":"creds-init/main.go:40","msg":"Credentials initialized."}

Showing logs for build [32mcb-kubecd-environment-pr-211-1-t8kpw-1[0m stage [32mfrom-build-pack[0m and container [32mstep-working-dir-initializer-wfwwb[0m
{"level":"info","ts":1588129050.0946133,"logger":"fallback-logger","caller":"logging/config.go:69","msg":"Fetch GitHub commit ID from kodata failed: open /var/run/ko/HEAD: no such file or directory"}
{"level":"info","ts":1588129050.1033447,"logger":"fallback-logger","caller":"bash/main.go:64","msg":"Successfully executed command \"sh -c mkdir -p /workspace/source\"; output "}

Showing logs for build [32mcb-kubecd-environment-pr-211-1-t8kpw-1[0m stage [32mfrom-build-pack[0m and container [32mstep-place-tools[0m

Showing logs for build [32mcb-kubecd-environment-pr-211-1-t8kpw-1[0m stage [32mfrom-build-pack[0m and container [32mstep-git-source-cb-kubecd-environment-pr-211-1-t8kpw-rqt9b[0m
{"level":"info","ts":1588129056.3007483,"logger":"fallback-logger","caller":"logging/config.go:69","msg":"Fetch GitHub commit ID from kodata failed: open /var/run/ko/refs/heads/0.8.0-ns-support: no such file or directory"}
{"level":"info","ts":1588129057.4865072,"logger":"fallback-logger","caller":"git/git.go:103","msg":"Successfully cloned https://github.com/cb-kubecd/environment-pr-211-1-boot-gke-staging.git @ master in path /workspace/source"}

Showing logs for build [32mcb-kubecd-environment-pr-211-1-t8kpw-1[0m stage [32mfrom-build-pack[0m and container [32mstep-git-merge[0m
Using SHAs from PULL_REFS=master:ba9413f88ba96f8ce585ef92994b37130a637829,3:1ebb0acfa4e3293ca7a6af69a30932954a96b501
DEBUG: LC_ALL=C JX_LOG_LEVEL=error git fetch origin --unshallow 1ebb0acfa4e3293ca7a6af69a30932954a96b501: ba9413f88ba96f8ce585ef92994b37130a637829:
DEBUG: ran git fetch --unshallow origin 1ebb0acfa4e3293ca7a6af69a30932954a96b501: ba9413f88ba96f8ce585ef92994b37130a637829: in 
DEBUG: LC_ALL=C JX_LOG_LEVEL=error git branch
DEBUG: LC_ALL=C JX_LOG_LEVEL=error git checkout master
DEBUG: ran git checkout master in 
DEBUG: LC_ALL=C JX_LOG_LEVEL=error git reset --hard ba9413f88ba96f8ce585ef92994b37130a637829
DEBUG: ran git reset --hard ba9413f88ba96f8ce585ef92994b37130a637829 in 
DEBUG: LC_ALL=C JX_LOG_LEVEL=error git clean -fd .
DEBUG: ran clean --force -d . in 
DEBUG: LC_ALL=C JX_LOG_LEVEL=error git merge 1ebb0acfa4e3293ca7a6af69a30932954a96b501
DEBUG: ran git merge 1ebb0acfa4e3293ca7a6af69a30932954a96b501 in 
DEBUG: LC_ALL=C JX_LOG_LEVEL=error git log --format=%H%x1f%an%x1f%ae%x1f%cn%x1f%ce%x1f%s%n%b%x1e ba9413f88ba96f8ce585ef92994b37130a637829..HEAD
Merged SHA 1ebb0acfa4e3293ca7a6af69a30932954a96b501 with commit message 'chore: Promote bdd-gh-1588128153 to version 0.0.1' into base branch master

Showing logs for build [32mcb-kubecd-environment-pr-211-1-t8kpw-1[0m stage [32mfrom-build-pack[0m and container [32mstep-build-helm-build[0m
WARNING: No $CHART_REPOSITORY defined so using the default value of: http://jenkins-x-chartmuseum:8080
Adding missing Helm repo: storage.googleapis.com https://storage.googleapis.com/chartmuseum.jenkins-x.io
WARNING: No secrets found on "helm/repos" due: reading the secret "helm/repos" from vault: no secret "helm/repos" not found in vault
Read credentials for https://storage.googleapis.com/chartmuseum.jenkins-x.io from vault helm/repos
Successfully added Helm repository storage.googleapis.com.
Adding missing Helm repo: jenkins-x-chartmuseum http://jenkins-x-chartmuseum:8080
WARNING: No secrets found on "helm/repos" due: reading the secret "helm/repos" from vault: no secret "helm/repos" not found in vault
Read credentials for http://jenkins-x-chartmuseum:8080 from vault helm/repos
Successfully added Helm repository jenkins-x-chartmuseum.
WARNING: No $CHART_REPOSITORY defined so using the default value of: http://jenkins-x-chartmuseum:8080
Adding missing Helm repo: chartmuseum.jenkins-x.io http://chartmuseum.jenkins-x.io
WARNING: No secrets found on "helm/repos" due: reading the secret "helm/repos" from vault: no secret "helm/repos" not found in vault
Read credentials for http://chartmuseum.jenkins-x.io from vault helm/repos
Successfully added Helm repository chartmuseum.jenkins-x.io.
