
Showing logs for build [32mcb-kubecd-environment-pr-211-1-277rb-1[0m stage [32mfrom-build-pack[0m and container [32mstep-credential-initializer-9dxqm[0m
{"level":"info","ts":1588131708.8733802,"logger":"fallback-logger","caller":"logging/config.go:69","msg":"Fetch GitHub commit ID from kodata failed: open /var/run/ko/refs/heads/0.8.0-ns-support: no such file or directory"}
{"level":"info","ts":1588131708.8750508,"logger":"fallback-logger","caller":"creds-init/main.go:40","msg":"Credentials initialized."}

Showing logs for build [32mcb-kubecd-environment-pr-211-1-277rb-1[0m stage [32mfrom-build-pack[0m and container [32mstep-working-dir-initializer-6vp9k[0m
{"level":"info","ts":1588131709.5338664,"logger":"fallback-logger","caller":"logging/config.go:69","msg":"Fetch GitHub commit ID from kodata failed: open /var/run/ko/HEAD: no such file or directory"}
{"level":"info","ts":1588131709.5351412,"logger":"fallback-logger","caller":"bash/main.go:64","msg":"Successfully executed command \"sh -c mkdir -p /workspace/source\"; output "}

Showing logs for build [32mcb-kubecd-environment-pr-211-1-277rb-1[0m stage [32mfrom-build-pack[0m and container [32mstep-place-tools[0m

Showing logs for build [32mcb-kubecd-environment-pr-211-1-277rb-1[0m stage [32mfrom-build-pack[0m and container [32mstep-git-source-cb-kubecd-environment-pr-211-1-277rb-898qd[0m
{"level":"info","ts":1588131718.548341,"logger":"fallback-logger","caller":"logging/config.go:69","msg":"Fetch GitHub commit ID from kodata failed: open /var/run/ko/refs/heads/0.8.0-ns-support: no such file or directory"}
{"level":"info","ts":1588131720.7998228,"logger":"fallback-logger","caller":"git/git.go:103","msg":"Successfully cloned https://github.com/cb-kubecd/environment-pr-211-1-boot-gke-staging.git @ master in path /workspace/source"}

Showing logs for build [32mcb-kubecd-environment-pr-211-1-277rb-1[0m stage [32mfrom-build-pack[0m and container [32mstep-git-merge[0m
Using SHAs from PULL_REFS=master:6e4b7320579b1a35c0f7561d3a7e5590b33eb516,7:29d914f8ec6cdde2996b83a47a31024e5b08bb42
DEBUG: LC_ALL=C JX_LOG_LEVEL=error git fetch origin --unshallow 29d914f8ec6cdde2996b83a47a31024e5b08bb42: 6e4b7320579b1a35c0f7561d3a7e5590b33eb516:
DEBUG: ran git fetch --unshallow origin 29d914f8ec6cdde2996b83a47a31024e5b08bb42: 6e4b7320579b1a35c0f7561d3a7e5590b33eb516: in 
DEBUG: LC_ALL=C JX_LOG_LEVEL=error git branch
DEBUG: LC_ALL=C JX_LOG_LEVEL=error git checkout master
DEBUG: ran git checkout master in 
DEBUG: LC_ALL=C JX_LOG_LEVEL=error git reset --hard 6e4b7320579b1a35c0f7561d3a7e5590b33eb516
DEBUG: ran git reset --hard 6e4b7320579b1a35c0f7561d3a7e5590b33eb516 in 
DEBUG: LC_ALL=C JX_LOG_LEVEL=error git clean -fd .
DEBUG: ran clean --force -d . in 
DEBUG: JX_LOG_LEVEL=error LC_ALL=C git merge 29d914f8ec6cdde2996b83a47a31024e5b08bb42
DEBUG: ran git merge 29d914f8ec6cdde2996b83a47a31024e5b08bb42 in 
DEBUG: LC_ALL=C JX_LOG_LEVEL=error git log --format=%H%x1f%an%x1f%ae%x1f%cn%x1f%ce%x1f%s%n%b%x1e 6e4b7320579b1a35c0f7561d3a7e5590b33eb516..HEAD
Merged SHA 29d914f8ec6cdde2996b83a47a31024e5b08bb42 with commit message 'chore: Promote bdd-ghf**y-import-1588130483 to version 0.0.1' into base branch master

Showing logs for build [32mcb-kubecd-environment-pr-211-1-277rb-1[0m stage [32mfrom-build-pack[0m and container [32mstep-build-helm-build[0m
WARNING: No $CHART_REPOSITORY defined so using the default value of: http://jenkins-x-chartmuseum:8080
Adding missing Helm repo: storage.googleapis.com https://storage.googleapis.com/chartmuseum.jenkins-x.io
WARNING: No secrets found on "helm/repos" due: reading the secret "helm/repos" from vault: no secret "helm/repos" not found in vault
Read credentials for https://storage.googleapis.com/chartmuseum.jenkins-x.io from vault helm/repos
Successfully added Helm repository storage.googleapis.com.
Adding missing Helm repo: jenkins-x-chartmuseum http://jenkins-x-chartmuseum:8080
WARNING: No secrets found on "helm/repos" due: reading the secret "helm/repos" from vault: no secret "helm/repos" not found in vault
Read credentials for http://jenkins-x-chartmuseum:8080 from vault helm/repos
Successfully added Helm repository jenkins-x-chartmuseum.
WARNING: No $CHART_REPOSITORY defined so using the default value of: http://jenkins-x-chartmuseum:8080
Adding missing Helm repo: chartmuseum.jenkins-x.io http://chartmuseum.jenkins-x.io
WARNING: No secrets found on "helm/repos" due: reading the secret "helm/repos" from vault: no secret "helm/repos" not found in vault
Read credentials for http://chartmuseum.jenkins-x.io from vault helm/repos
Successfully added Helm repository chartmuseum.jenkins-x.io.
