
Showing logs for build [32mcb-kubecd-environment-pr-211-1-w8zl4-1[0m stage [32mfrom-build-pack[0m and container [32mstep-credential-initializer-gs8fn[0m
{"level":"info","ts":1588129765.3837976,"logger":"fallback-logger","caller":"logging/config.go:69","msg":"Fetch GitHub commit ID from kodata failed: open /var/run/ko/refs/heads/0.8.0-ns-support: no such file or directory"}
{"level":"info","ts":1588129765.3850658,"logger":"fallback-logger","caller":"creds-init/main.go:40","msg":"Credentials initialized."}

Showing logs for build [32mcb-kubecd-environment-pr-211-1-w8zl4-1[0m stage [32mfrom-build-pack[0m and container [32mstep-working-dir-initializer-8m9pk[0m
{"level":"info","ts":1588129765.9615967,"logger":"fallback-logger","caller":"logging/config.go:69","msg":"Fetch GitHub commit ID from kodata failed: open /var/run/ko/HEAD: no such file or directory"}
{"level":"info","ts":1588129765.9630992,"logger":"fallback-logger","caller":"bash/main.go:64","msg":"Successfully executed command \"sh -c mkdir -p /workspace/source\"; output "}

Showing logs for build [32mcb-kubecd-environment-pr-211-1-w8zl4-1[0m stage [32mfrom-build-pack[0m and container [32mstep-place-tools[0m

Showing logs for build [32mcb-kubecd-environment-pr-211-1-w8zl4-1[0m stage [32mfrom-build-pack[0m and container [32mstep-git-source-cb-kubecd-environment-pr-211-1-w8zl4-2977k[0m
{"level":"info","ts":1588129769.296094,"logger":"fallback-logger","caller":"logging/config.go:69","msg":"Fetch GitHub commit ID from kodata failed: open /var/run/ko/refs/heads/0.8.0-ns-support: no such file or directory"}
{"level":"info","ts":1588129770.3503878,"logger":"fallback-logger","caller":"git/git.go:103","msg":"Successfully cloned https://github.com/cb-kubecd/environment-pr-211-1-boot-gke-staging.git @ master in path /workspace/source"}

Showing logs for build [32mcb-kubecd-environment-pr-211-1-w8zl4-1[0m stage [32mfrom-build-pack[0m and container [32mstep-git-merge[0m
Using SHAs from PULL_REFS=master:b3554dc8d976e510aba9bb953599fbe1b36c365c,4:c65a1764292b0e966e2dd7e165e735ad0fef69a6
DEBUG: LC_ALL=C JX_LOG_LEVEL=error git fetch origin --unshallow c65a1764292b0e966e2dd7e165e735ad0fef69a6: b3554dc8d976e510aba9bb953599fbe1b36c365c:
DEBUG: ran git fetch --unshallow origin c65a1764292b0e966e2dd7e165e735ad0fef69a6: b3554dc8d976e510aba9bb953599fbe1b36c365c: in 
DEBUG: LC_ALL=C JX_LOG_LEVEL=error git branch
DEBUG: LC_ALL=C JX_LOG_LEVEL=error git checkout master
DEBUG: ran git checkout master in 
DEBUG: LC_ALL=C JX_LOG_LEVEL=error git reset --hard b3554dc8d976e510aba9bb953599fbe1b36c365c
DEBUG: ran git reset --hard b3554dc8d976e510aba9bb953599fbe1b36c365c in 
DEBUG: LC_ALL=C JX_LOG_LEVEL=error git clean -fd .
DEBUG: ran clean --force -d . in 
DEBUG: LC_ALL=C JX_LOG_LEVEL=error git merge c65a1764292b0e966e2dd7e165e735ad0fef69a6
DEBUG: ran git merge c65a1764292b0e966e2dd7e165e735ad0fef69a6 in 
DEBUG: LC_ALL=C JX_LOG_LEVEL=error git log --format=%H%x1f%an%x1f%ae%x1f%cn%x1f%ce%x1f%s%n%b%x1e b3554dc8d976e510aba9bb953599fbe1b36c365c..HEAD
Merged SHA c65a1764292b0e966e2dd7e165e735ad0fef69a6 with commit message 'chore: Promote bdd-sbhg-1588128153 to version 0.0.1' into base branch master

Showing logs for build [32mcb-kubecd-environment-pr-211-1-w8zl4-1[0m stage [32mfrom-build-pack[0m and container [32mstep-build-helm-build[0m
WARNING: No $CHART_REPOSITORY defined so using the default value of: http://jenkins-x-chartmuseum:8080
Adding missing Helm repo: storage.googleapis.com https://storage.googleapis.com/chartmuseum.jenkins-x.io
WARNING: No secrets found on "helm/repos" due: reading the secret "helm/repos" from vault: no secret "helm/repos" not found in vault
Read credentials for https://storage.googleapis.com/chartmuseum.jenkins-x.io from vault helm/repos
Successfully added Helm repository storage.googleapis.com.
Adding missing Helm repo: jenkins-x-chartmuseum http://jenkins-x-chartmuseum:8080
WARNING: No secrets found on "helm/repos" due: reading the secret "helm/repos" from vault: no secret "helm/repos" not found in vault
Read credentials for http://jenkins-x-chartmuseum:8080 from vault helm/repos
Successfully added Helm repository jenkins-x-chartmuseum.
WARNING: No $CHART_REPOSITORY defined so using the default value of: http://jenkins-x-chartmuseum:8080
Adding missing Helm repo: chartmuseum.jenkins-x.io http://chartmuseum.jenkins-x.io
WARNING: No secrets found on "helm/repos" due: reading the secret "helm/repos" from vault: no secret "helm/repos" not found in vault
Read credentials for http://chartmuseum.jenkins-x.io from vault helm/repos
Successfully added Helm repository chartmuseum.jenkins-x.io.
